# JRE version: Java(TM) SE Runtime Environment (8.0_144-b01) (build 1.8.0_144-b01)
# Java VM: Java HotSpot(TM) 64-Bit Server VM (25.144-b01 mixed mode windows-amd64 compressed oops)
Heap:
 PSYoungGen      total 50688K, used 13292K [0x00000000ed900000, 0x00000000f1000000, 0x0000000100000000)
  eden space 45056K, 29% used [0x00000000ed900000,0x00000000ee5fb348,0x00000000f0500000)
  from space 5632K, 0% used [0x00000000f0500000,0x00000000f0500000,0x00000000f0a80000)
  to   space 5632K, 0% used [0x00000000f0a80000,0x00000000f0a80000,0x00000000f1000000)
 ParOldGen       total 28160K, used 8305K [0x00000000c8a00000, 0x00000000ca580000, 0x00000000ed900000)
  object space 28160K, 29% used [0x00000000c8a00000,0x00000000c921c630,0x00000000ca580000)
 Metaspace       used 27226K, capacity 28883K, committed 29184K, reserved 1075200K
  class space    used 3700K, capacity 4018K, committed 4096K, reserved 1048576K
GC Heap History (10 events):
Event: 22.229 GC heap before
{Heap before GC invocations=13 (full 2):
 PSYoungGen      total 50688K, used 2958K [0x00000000ed900000, 0x00000000f1000000, 0x0000000100000000)
  eden space 45056K, 0% used [0x00000000ed900000,0x00000000ed900000,0x00000000f0500000)
  from space 5632K, 52% used [0x00000000f0500000,0x00000000f07e39e0,0x00000000f0a80000)
  to   space 5632K, 0% used [0x00000000f0a80000,0x00000000f0a80000,0x00000000f1000000)
 ParOldGen       total 28160K, used 11237K [0x00000000c8a00000, 0x00000000ca580000, 0x00000000ed900000)
  object space 28160K, 39% used [0x00000000c8a00000,0x00000000c94f95e0,0x00000000ca580000)
 Metaspace       used 26929K, capacity 28518K, committed 28544K, reserved 1077248K
  class space    used 3655K, capacity 3967K, committed 3968K, reserved 1048576K
Event: 22.346 GC heap after
Heap after GC invocations=13 (full 2):
 PSYoungGen      total 50688K, used 0K [0x00000000ed900000, 0x00000000f1000000, 0x0000000100000000)
  eden space 45056K, 0% used [0x00000000ed900000,0x00000000ed900000,0x00000000f0500000)
  from space 5632K, 0% used [0x00000000f0500000,0x00000000f0500000,0x00000000f0a80000)
  to   space 5632K, 0% used [0x00000000f0a80000,0x00000000f0a80000,0x00000000f1000000)
 ParOldGen       total 28160K, used 11595K [0x00000000c8a00000, 0x00000000ca580000, 0x00000000ed900000)
  object space 28160K, 41% used [0x00000000c8a00000,0x00000000c9552fc0,0x00000000ca580000)
 Metaspace       used 26929K, capacity 28518K, committed 28544K, reserved 1075200K
  class space    used 3655K, capacity 3967K, committed 3968K, reserved 1048576K
}
Event: 22.381 GC heap before
{Heap before GC invocations=14 (full 2):
 PSYoungGen      total 50688K, used 2562K [0x00000000ed900000, 0x00000000f1000000, 0x0000000100000000)
  eden space 45056K, 5% used [0x00000000ed900000,0x00000000edb80810,0x00000000f0500000)
  from space 5632K, 0% used [0x00000000f0500000,0x00000000f0500000,0x00000000f0a80000)
  to   space 5632K, 0% used [0x00000000f0a80000,0x00000000f0a80000,0x00000000f1000000)
 ParOldGen       total 28160K, used 11595K [0x00000000c8a00000, 0x00000000ca580000, 0x00000000ed900000)
  object space 28160K, 41% used [0x00000000c8a00000,0x00000000c9552fc0,0x00000000ca580000)
 Metaspace       used 26958K, capacity 28593K, committed 28800K, reserved 1077248K
  class space    used 3662K, capacity 3968K, committed 3968K, reserved 1048576K
Event: 22.383 GC heap after
Heap after GC invocations=14 (full 2):
 PSYoungGen      total 50688K, used 224K [0x00000000ed900000, 0x00000000f1000000, 0x0000000100000000)
  eden space 45056K, 0% used [0x00000000ed900000,0x00000000ed900000,0x00000000f0500000)
  from space 5632K, 3% used [0x00000000f0a80000,0x00000000f0ab8000,0x00000000f1000000)
  to   space 5632K, 0% used [0x00000000f0500000,0x00000000f0500000,0x00000000f0a80000)
 ParOldGen       total 28160K, used 11595K [0x00000000c8a00000, 0x00000000ca580000, 0x00000000ed900000)
  object space 28160K, 41% used [0x00000000c8a00000,0x00000000c9552fc0,0x00000000ca580000)
 Metaspace       used 26958K, capacity 28593K, committed 28800K, reserved 1077248K
  class space    used 3662K, capacity 3968K, committed 3968K, reserved 1048576K
}
Event: 22.383 GC heap before
{Heap before GC invocations=15 (full 3):
 PSYoungGen      total 50688K, used 224K [0x00000000ed900000, 0x00000000f1000000, 0x0000000100000000)
  eden space 45056K, 0% used [0x00000000ed900000,0x00000000ed900000,0x00000000f0500000)
  from space 5632K, 3% used [0x00000000f0a80000,0x00000000f0ab8000,0x00000000f1000000)
  to   space 5632K, 0% used [0x00000000f0500000,0x00000000f0500000,0x00000000f0a80000)
 ParOldGen       total 28160K, used 11595K [0x00000000c8a00000, 0x00000000ca580000, 0x00000000ed900000)
  object space 28160K, 41% used [0x00000000c8a00000,0x00000000c9552fc0,0x00000000ca580000)
 Metaspace       used 26958K, capacity 28593K, committed 28800K, reserved 1077248K
  class space    used 3662K, capacity 3968K, committed 3968K, reserved 1048576K
Event: 22.494 GC heap after
Heap after GC invocations=15 (full 3):
 PSYoungGen      total 50688K, used 0K [0x00000000ed900000, 0x00000000f1000000, 0x0000000100000000)
  eden space 45056K, 0% used [0x00000000ed900000,0x00000000ed900000,0x00000000f0500000)
  from space 5632K, 0% used [0x00000000f0a80000,0x00000000f0a80000,0x00000000f1000000)
  to   space 5632K, 0% used [0x00000000f0500000,0x00000000f0500000,0x00000000f0a80000)
 ParOldGen       total 28160K, used 10129K [0x00000000c8a00000, 0x00000000ca580000, 0x00000000ed900000)
  object space 28160K, 35% used [0x00000000c8a00000,0x00000000c93e4738,0x00000000ca580000)
 Metaspace       used 26958K, capacity 28593K, committed 28800K, reserved 1075200K
  class space    used 3662K, capacity 3968K, committed 3968K, reserved 1048576K
}
Event: 22.495 GC heap before
{Heap before GC invocations=16 (full 3):
 PSYoungGen      total 50688K, used 0K [0x00000000ed900000, 0x00000000f1000000, 0x0000000100000000)
  eden space 45056K, 0% used [0x00000000ed900000,0x00000000ed900000,0x00000000f0500000)
  from space 5632K, 0% used [0x00000000f0a80000,0x00000000f0a80000,0x00000000f1000000)
  to   space 5632K, 0% used [0x00000000f0500000,0x00000000f0500000,0x00000000f0a80000)
 ParOldGen       total 28160K, used 10129K [0x00000000c8a00000, 0x00000000ca580000, 0x00000000ed900000)
  object space 28160K, 35% used [0x00000000c8a00000,0x00000000c93e4738,0x00000000ca580000)
 Metaspace       used 26958K, capacity 28593K, committed 28800K, reserved 1075200K
  class space    used 3662K, capacity 3968K, committed 3968K, reserved 1048576K
Event: 22.496 GC heap after
Heap after GC invocations=16 (full 3):
 PSYoungGen      total 50688K, used 0K [0x00000000ed900000, 0x00000000f1000000, 0x0000000100000000)
  eden space 45056K, 0% used [0x00000000ed900000,0x00000000ed900000,0x00000000f0500000)
  from space 5632K, 0% used [0x00000000f0500000,0x00000000f0500000,0x00000000f0a80000)
  to   space 5632K, 0% used [0x00000000f0a80000,0x00000000f0a80000,0x00000000f1000000)
 ParOldGen       total 28160K, used 10129K [0x00000000c8a00000, 0x00000000ca580000, 0x00000000ed900000)
  object space 28160K, 35% used [0x00000000c8a00000,0x00000000c93e4738,0x00000000ca580000)
 Metaspace       used 26958K, capacity 28593K, committed 28800K, reserved 1075200K
  class space    used 3662K, capacity 3968K, committed 3968K, reserved 1048576K
}
Event: 22.497 GC heap before
{Heap before GC invocations=17 (full 4):
 PSYoungGen      total 50688K, used 0K [0x00000000ed900000, 0x00000000f1000000, 0x0000000100000000)
  eden space 45056K, 0% used [0x00000000ed900000,0x00000000ed900000,0x00000000f0500000)
  from space 5632K, 0% used [0x00000000f0500000,0x00000000f0500000,0x00000000f0a80000)
  to   space 5632K, 0% used [0x00000000f0a80000,0x00000000f0a80000,0x00000000f1000000)
 ParOldGen       total 28160K, used 10129K [0x00000000c8a00000, 0x00000000ca580000, 0x00000000ed900000)
  object space 28160K, 35% used [0x00000000c8a00000,0x00000000c93e4738,0x00000000ca580000)
 Metaspace       used 26958K, capacity 28593K, committed 28800K, reserved 1075200K
  class space    used 3662K, capacity 3968K, committed 3968K, reserved 1048576K
Event: 22.619 GC heap after
Heap after GC invocations=17 (full 4):
 PSYoungGen      total 50688K, used 0K [0x00000000ed900000, 0x00000000f1000000, 0x0000000100000000)
  eden space 45056K, 0% used [0x00000000ed900000,0x00000000ed900000,0x00000000f0500000)
  from space 5632K, 0% used [0x00000000f0500000,0x00000000f0500000,0x00000000f0a80000)
  to   space 5632K, 0% used [0x00000000f0a80000,0x00000000f0a80000,0x00000000f1000000)
 ParOldGen       total 28160K, used 8305K [0x00000000c8a00000, 0x00000000ca580000, 0x00000000ed900000)
  object space 28160K, 29% used [0x00000000c8a00000,0x00000000c921c630,0x00000000ca580000)
 Metaspace       used 26806K, capacity 28349K, committed 28800K, reserved 1075200K
  class space    used 3637K, capacity 3922K, committed 3968K, reserved 1048576K
}

